<html>
<head>
<title>TestNG:  Default test</title>
<link href="../testng.css" rel="stylesheet" type="text/css" />
<link href="../my-testng.css" rel="stylesheet" type="text/css" />

<style type="text/css">
.log { display: none;} 
.stack-trace { display: none;} 
</style>
<script type="text/javascript">
<!--
function flip(e) {
  current = e.style.display;
  if (current == 'block') {
    e.style.display = 'none';
    return 0;
  }
  else {
    e.style.display = 'block';
    return 1;
  }
}

function toggleBox(szDivId, elem, msg1, msg2)
{
  var res = -1;  if (document.getElementById) {
    res = flip(document.getElementById(szDivId));
  }
  else if (document.all) {
    // this is the way old msie versions work
    res = flip(document.all[szDivId]);
  }
  if(elem) {
    if(res == 0) elem.innerHTML = msg1; else elem.innerHTML = msg2;
  }

}

function toggleAllBoxes() {
  if (document.getElementsByTagName) {
    d = document.getElementsByTagName('div');
    for (i = 0; i < d.length; i++) {
      if (d[i].className == 'log') {
        flip(d[i]);
      }
    }
  }
}

// -->
</script>

</head>
<body>
<h2 align='center'>Default test</h2><table border='1' align="center">
<tr>
<td>Tests passed/Failed/Skipped:</td><td>0/2/0</td>
</tr><tr>
<td>Started on:</td><td>Sun Nov 13 01:52:23 AEDT 2022</td>
</tr>
<tr><td>Total time:</td><td>47 seconds (47681 ms)</td>
</tr><tr>
<td>Included groups:</td><td></td>
</tr><tr>
<td>Excluded groups:</td><td></td>
</tr>
</table><p/>
<small><i>(Hover the method name to see the test class name)</i></small><p/>
<table width='100%' border='1' class='invocation-failed'>
<tr><td colspan='4' align='center'><b>FAILED TESTS</b></td></tr>
<tr><td><b>Test method</b></td>
<td><b>Attribute(s)</b></td>
<td width="30%"><b>Exception</b></td>
<td width="10%"><b>Time (seconds)</b></td>
<td><b>Instance</b></td>
</tr>
<tr>
<td title='runners.GumtreeRunner.runScenario()'><b>runScenario</b><br>Test class: runners.GumtreeRunner<br>Test method: Runs Cucumber Scenarios<br>Parameters: "Car models first result check", "Get and validate the first search result of the provided car model"</td>
<td><div><pre>org.openqa.selenium.ElementClickInterceptedException: element click intercepted: Element &lt;a class=&quot;header__secondary-navigation-link&quot; href=&quot;/cars&quot;&gt;...&lt;/a&gt; is not clickable at point (502, 215). Other element would receive the click: &lt;img id=&quot;random-hero-img&quot; class=&quot;header__home-hero-image&quot; alt=&quot;&quot; src=&quot;https://static.gumtree.com.au/cached/img/au/homepage/homenew2/6/xxlarge.jpg?v=20220211&quot;&gt;
  (Session info: chrome=107.0.5304.106)
Build info: version: &apos;4.4.0&apos;, revision: &apos;e5c75ed026a&apos;
System info: host: &apos;DESKTOP-T55QR2A&apos;, ip: &apos;192.168.1.127&apos;, os.name: &apos;Windows 11&apos;, os.arch: &apos;amd64&apos;, os.version: &apos;10.0&apos;, java.version: &apos;11.0.15.1&apos;
Driver info: org.openqa.selenium.chrome.ChromeDriver
Command: [b634a4a40a3be1c6fc67f248466db798, clickElement {id=cbe1e718-34e2-4463-af0c-a73f6f2290f1}]
Capabilities {acceptInsecureCerts: false, browserName: chrome, browserVersion: 107.0.5304.106, chrome: {chromedriverVersion: 107.0.5304.62 (1eec40d3a576..., userDataDir: C:\Users\SugNithi\AppData\L...}, goog:chromeOptions: {debuggerAddress: localhost:55388}, networkConnectionEnabled: false, pageLoadStrategy: normal, platformName: WINDOWS, proxy: Proxy(), se:cdp: ws://localhost:55388/devtoo..., se:cdpVersion: 107.0.5304.106, setWindowRect: true, strictFileInteractability: false, timeouts: {implicit: 0, pageLoad: 300000, script: 30000}, unhandledPromptBehavior: dismiss and notify, webauthn:extension:credBlob: true, webauthn:extension:largeBlob: true, webauthn:virtualAuthenticators: true}
Element: [[ChromeDriver: chrome on WINDOWS (b634a4a40a3be1c6fc67f248466db798)] -&gt; xpath: //a[@class=&apos;header__secondary-navigation-link&apos;][normalize-space()=&apos;Cars, Vans &amp; Utes&apos;]]
Session ID: b634a4a40a3be1c6fc67f248466db798
	at java.base/jdk.internal.reflect.NativeConstructorAccessorImpl.newInstance0(Native Method)
	at java.base/jdk.internal.reflect.NativeConstructorAccessorImpl.newInstance(NativeConstructorAccessorImpl.java:62)
	at java.base/jdk.internal.reflect.DelegatingConstructorAccessorImpl.newInstance(DelegatingConstructorAccessorImpl.java:45)
	at java.base/java.lang.reflect.Constructor.newInstance(Constructor.java:490)
	at org.openqa.selenium.remote.codec.w3c.W3CHttpResponseCodec.createException(W3CHttpResponseCodec.java:200)
	at org.openqa.selenium.remote.codec.w3c.W3CHttpResponseCodec.decode(W3CHttpResponseCodec.java:133)
	at org.openqa.selenium.remote.codec.w3c.W3CHttpResponseCodec.decode(W3CHttpResponseCodec.java:53)
	at org.openqa.selenium.remote.HttpCommandExecutor.execute(HttpCommandExecutor.java:184)
	at org.openqa.selenium.remote.service.DriverCommandExecutor.invokeExecute(DriverCommandExecutor.java:167)
	at org.openqa.selenium.remote.service.DriverCommandExecutor.execute(DriverCommandExecutor.java:142)
	at org.openqa.selenium.remote.RemoteWebDriver.execute(RemoteWebDriver.java:547)
	at org.openqa.selenium.remote.RemoteWebElement.execute(RemoteWebElement.java:257)
	at org.openqa.selenium.remote.RemoteWebElement.click(RemoteWebElement.java:78)
	at pages.base.BaseTest.click(BaseTest.java:26)
	at page.objects.HomePage.clickCarsVehicleVansSubMenu(HomePage.java:14)
	at stepdefinitions.ToyotaSearch.user_clicks_on_carsvehiclesutes(ToyotaSearch.java:40)
	at ?.user clicks on carsvehiclesutes(file:///C:/Users/SugNithi/eclipse-workspace/CucumberGumtree/src/test/resources/features/findtoyotacars.feature:11)
</pre></div><a href='#' onClick='toggleBox("stack-trace412416671", this, "Click to show all stack frames", "Click to hide stack frames")'>Click to show all stack frames</a>
<div class='stack-trace' id='stack-trace412416671'><pre>org.openqa.selenium.ElementClickInterceptedException: element click intercepted: Element &lt;a class=&quot;header__secondary-navigation-link&quot; href=&quot;/cars&quot;&gt;...&lt;/a&gt; is not clickable at point (502, 215). Other element would receive the click: &lt;img id=&quot;random-hero-img&quot; class=&quot;header__home-hero-image&quot; alt=&quot;&quot; src=&quot;https://static.gumtree.com.au/cached/img/au/homepage/homenew2/6/xxlarge.jpg?v=20220211&quot;&gt;
  (Session info: chrome=107.0.5304.106)
Build info: version: &apos;4.4.0&apos;, revision: &apos;e5c75ed026a&apos;
System info: host: &apos;DESKTOP-T55QR2A&apos;, ip: &apos;192.168.1.127&apos;, os.name: &apos;Windows 11&apos;, os.arch: &apos;amd64&apos;, os.version: &apos;10.0&apos;, java.version: &apos;11.0.15.1&apos;
Driver info: org.openqa.selenium.chrome.ChromeDriver
Command: [b634a4a40a3be1c6fc67f248466db798, clickElement {id=cbe1e718-34e2-4463-af0c-a73f6f2290f1}]
Capabilities {acceptInsecureCerts: false, browserName: chrome, browserVersion: 107.0.5304.106, chrome: {chromedriverVersion: 107.0.5304.62 (1eec40d3a576..., userDataDir: C:\Users\SugNithi\AppData\L...}, goog:chromeOptions: {debuggerAddress: localhost:55388}, networkConnectionEnabled: false, pageLoadStrategy: normal, platformName: WINDOWS, proxy: Proxy(), se:cdp: ws://localhost:55388/devtoo..., se:cdpVersion: 107.0.5304.106, setWindowRect: true, strictFileInteractability: false, timeouts: {implicit: 0, pageLoad: 300000, script: 30000}, unhandledPromptBehavior: dismiss and notify, webauthn:extension:credBlob: true, webauthn:extension:largeBlob: true, webauthn:virtualAuthenticators: true}
Element: [[ChromeDriver: chrome on WINDOWS (b634a4a40a3be1c6fc67f248466db798)] -&gt; xpath: //a[@class=&apos;header__secondary-navigation-link&apos;][normalize-space()=&apos;Cars, Vans &amp; Utes&apos;]]
Session ID: b634a4a40a3be1c6fc67f248466db798
	at java.base/jdk.internal.reflect.NativeConstructorAccessorImpl.newInstance0(Native Method)
	at java.base/jdk.internal.reflect.NativeConstructorAccessorImpl.newInstance(NativeConstructorAccessorImpl.java:62)
	at java.base/jdk.internal.reflect.DelegatingConstructorAccessorImpl.newInstance(DelegatingConstructorAccessorImpl.java:45)
	at java.base/java.lang.reflect.Constructor.newInstance(Constructor.java:490)
	at org.openqa.selenium.remote.codec.w3c.W3CHttpResponseCodec.createException(W3CHttpResponseCodec.java:200)
	at org.openqa.selenium.remote.codec.w3c.W3CHttpResponseCodec.decode(W3CHttpResponseCodec.java:133)
	at org.openqa.selenium.remote.codec.w3c.W3CHttpResponseCodec.decode(W3CHttpResponseCodec.java:53)
	at org.openqa.selenium.remote.HttpCommandExecutor.execute(HttpCommandExecutor.java:184)
	at org.openqa.selenium.remote.service.DriverCommandExecutor.invokeExecute(DriverCommandExecutor.java:167)
	at org.openqa.selenium.remote.service.DriverCommandExecutor.execute(DriverCommandExecutor.java:142)
	at org.openqa.selenium.remote.RemoteWebDriver.execute(RemoteWebDriver.java:547)
	at org.openqa.selenium.remote.RemoteWebElement.execute(RemoteWebElement.java:257)
	at org.openqa.selenium.remote.RemoteWebElement.click(RemoteWebElement.java:78)
	at pages.base.BaseTest.click(BaseTest.java:26)
	at page.objects.HomePage.clickCarsVehicleVansSubMenu(HomePage.java:14)
	at stepdefinitions.ToyotaSearch.user_clicks_on_carsvehiclesutes(ToyotaSearch.java:40)
	at ?.user clicks on carsvehiclesutes(file:///C:/Users/SugNithi/eclipse-workspace/CucumberGumtree/src/test/resources/features/findtoyotacars.feature:11)
</pre></div></td>
<td>25</td>
<td>runners.GumtreeRunner@710636b0</td></tr>
<tr>
<td title='runners.GumtreeRunner.runScenario()'><b>runScenario</b><br>Test class: runners.GumtreeRunner<br>Test method: Runs Cucumber Scenarios<br>Parameters: "Car models first result check", "Get and validate the first search result of the provided car model"</td>
<td><div><pre>java.lang.AssertionError: expected [true] but found [false]
	at org.testng.Assert.fail(Assert.java:110)
	at org.testng.Assert.failNotEquals(Assert.java:1413)
	at org.testng.Assert.assertTrue(Assert.java:56)
	at org.testng.Assert.assertTrue(Assert.java:66)
	at stepdefinitions.ToyotaSearch.read_first_results_and_check_model(ToyotaSearch.java:67)
	at ?.read first results and check &quot;X7&quot;(file:///C:/Users/SugNithi/eclipse-workspace/CucumberGumtree/src/test/resources/features/findtoyotacars.feature:15)
</pre></div><a href='#' onClick='toggleBox("stack-trace343722304", this, "Click to show all stack frames", "Click to hide stack frames")'>Click to show all stack frames</a>
<div class='stack-trace' id='stack-trace343722304'><pre>java.lang.AssertionError: expected [true] but found [false]
	at org.testng.Assert.fail(Assert.java:110)
	at org.testng.Assert.failNotEquals(Assert.java:1413)
	at org.testng.Assert.assertTrue(Assert.java:56)
	at org.testng.Assert.assertTrue(Assert.java:66)
	at stepdefinitions.ToyotaSearch.read_first_results_and_check_model(ToyotaSearch.java:67)
	at ?.read first results and check &quot;X7&quot;(file:///C:/Users/SugNithi/eclipse-workspace/CucumberGumtree/src/test/resources/features/findtoyotacars.feature:15)
</pre></div></td>
<td>20</td>
<td>runners.GumtreeRunner@710636b0</td></tr>
</table><p>
</body>
</html>