<?xml version="1.0" encoding="UTF-8"?>
<!-- Generated by org.testng.reporters.JUnitReportReporter -->
<testsuite hostname="DESKTOP-T55QR2A" failures="0" tests="5" name="runners.GumtreeRunner" time="93.848" errors="1" timestamp="2022-11-13T14:21:03 AEDT" skipped="0">
  <testcase classname="runners.GumtreeRunner" name="runScenario" time="14.375"/>
  <system-out/>
  <testcase classname="runners.GumtreeRunner" name="runScenario" time="11.343"/>
  <system-out/>
  <testcase classname="runners.GumtreeRunner" name="runScenario" time="15.822"/>
  <system-out/>
  <testcase classname="runners.GumtreeRunner" name="runScenario" time="12.843"/>
  <system-out/>
  <testcase classname="runners.GumtreeRunner" name="runScenario" time="39.465">
    <error message="Cannot locate option with text: Q123
For documentation on this error, please visit: https://selenium.dev/exceptions/#no_such_element
Build info: version: &#039;4.4.0&#039;, revision: &#039;e5c75ed026a&#039;
System info: host: &#039;DESKTOP-T55QR2A&#039;, ip: &#039;192.168.1.128&#039;, os.name: &#039;Windows 11&#039;, os.arch: &#039;amd64&#039;, os.version: &#039;10.0&#039;, java.version: &#039;11.0.15.1&#039;
Driver info: driver.version: unknown" type="org.openqa.selenium.NoSuchElementException">
      <![CDATA[org.openqa.selenium.NoSuchElementException: Cannot locate option with text: Q123
For documentation on this error, please visit: https://selenium.dev/exceptions/#no_such_element
Build info: version: '4.4.0', revision: 'e5c75ed026a'
System info: host: 'DESKTOP-T55QR2A', ip: '192.168.1.128', os.name: 'Windows 11', os.arch: 'amd64', os.version: '10.0', java.version: '11.0.15.1'
Driver info: driver.version: unknown
at org.openqa.selenium.support.ui.Select.selectByVisibleText(Select.java:151)
at pages.base.BaseTest.selectOptions(BaseTest.java:89)
at page.objects.CarsVansUtePage.selectModel(CarsVansUtePage.java:12)
at stepdefinitions.StepDefCarMakeModelSearch.select_rav4_from_the_model(StepDefCarMakeModelSearch.java:48)
at âœ½.select "Q123" from the model(file:///C:/Users/SugNithi/eclipse-workspace/CucumberGumtree/src/test/resources/features/findcarresults.feature:14)
]]>
    </error>
  </testcase> <!-- runScenario -->
  <system-out/>
</testsuite> <!-- runners.GumtreeRunner -->
